d:\code\c\junlib\junlib\x64\debug\vc120.pdb
d:\code\c\junlib\junlib\x64\debug\vc120.idb
d:\code\c\junlib\junlib\x64\debug\alignedblob.obj
d:\code\c\junlib\junlib\x64\debug\bbgrid.obj
d:\code\c\junlib\junlib\x64\debug\blobgrid.obj
d:\code\c\junlib\junlib\x64\debug\blobnbox.obj
d:\code\c\junlib\junlib\x64\debug\dir.obj
d:\code\c\junlib\junlib\x64\debug\floodfill.obj
d:\code\c\junlib\junlib\x64\debug\je_new.obj
d:\code\c\junlib\junlib\x64\debug\linefinder.obj
d:\code\c\junlib\junlib\x64\debug\matrixop.obj
d:\code\c\junlib\junlib\x64\debug\morph.obj
d:\code\c\junlib\junlib\x64\debug\outline.obj
d:\code\c\junlib\junlib\x64\debug\source.obj
d:\code\c\junlib\junlib\x64\debug\sample.obj
d:\code\c\junlib\junlib\x64\debug\test.obj
d:\code\c\junlib\junlib\x64\debug\test_byteop.obj
d:\code\c\junlib\junlib\x64\debug\test_jcontainer.obj
d:\code\c\junlib\junlib\x64\debug\test_outline.obj
d:\code\c\junlib\junlib\x64\debug\threshold.obj
d:\code\c\junlib\x64\debug\junlib.ilk
d:\code\c\junlib\x64\debug\junlib.exe
d:\code\c\junlib\x64\debug\junlib.pdb
d:\code\c\junlib\junlib\x64\debug\junlib.tlog\cl.command.1.tlog
d:\code\c\junlib\junlib\x64\debug\junlib.tlog\cl.read.1.tlog
d:\code\c\junlib\junlib\x64\debug\junlib.tlog\cl.write.1.tlog
d:\code\c\junlib\junlib\x64\debug\junlib.tlog\link.command.1.tlog
d:\code\c\junlib\junlib\x64\debug\junlib.tlog\link.read.1.tlog
d:\code\c\junlib\junlib\x64\debug\junlib.tlog\link.write.1.tlog
